<?xml version="1.0" encoding="UTF-8"?>
<testsuite name="com.ubs.test.win.HoziontalWinTest" tests="1" skipped="0" failures="0" errors="0" timestamp="2021-02-07T17:58:44" hostname="UT-PC" time="0.019">
  <properties/>
  <testcase name="horizontalWinTest()" classname="com.ubs.test.win.HoziontalWinTest" time="0.019"/>
  <system-out><![CDATA[| | | | | | | |
| | | | | | | |
| | | | | | | |
| | | | | | | |
| | | | | | | |
| | | | | | | |
Player 1 [RED] - choose column (1-7): | | | | | | | |
| | | | | | | |
| | | | | | | |
| | | | | | | |
| | | | | | | |
| |R| | | | | |
Player 2 [GREEN] - choose column (1-7): | | | | | | | |
| | | | | | | |
| | | | | | | |
| | | | | | | |
| |G| | | | | |
| |R| | | | | |
Player 1 [RED] - choose column (1-7): | | | | | | | |
| | | | | | | |
| | | | | | | |
| | | | | | | |
| |G| | | | | |
| |R|R| | | | |
Player 2 [GREEN] - choose column (1-7): | | | | | | | |
| | | | | | | |
| | | | | | | |
| | | | | | | |
| |G|G| | | | |
| |R|R| | | | |
Player 1 [RED] - choose column (1-7): | | | | | | | |
| | | | | | | |
| | | | | | | |
| | | | | | | |
| |G|G| | | | |
| |R|R|R| | | |
Player 2 [GREEN] - choose column (1-7): | | | | | | | |
| | | | | | | |
| | | | | | | |
| | | | | | | |
| |G|G|G| | | |
| |R|R|R| | | |
Player 1 [RED] - choose column (1-7): | | | | | | | |
| | | | | | | |
| | | | | | | |
| | | | | | | |
| |G|G|G| | | |
| |R|R|R|R| | |
Player 1 [RED] wins!
]]></system-out>
  <system-err><![CDATA[]]></system-err>
</testsuite>
